This is pdfTeX, Version 3.14159265-2.6-1.40.15 (TeX Live 2014) (preloaded format=pdflatex 2014.5.25)  9 DEC 2014 21:42
entering extended mode
 restricted \write18 enabled.
 %&-line parsing enabled.
**SimpleCQL.tex
(./SimpleCQL.tex
LaTeX2e <2014/05/01>
Babel <3.9k> and hyphenation patterns for 78 languages loaded.
(/usr/local/texlive/2014/texmf-dist/tex/latex/IEEEconf/IEEEconf.cls
Document Class: IEEEconf 2009/04/05 v1.4 IEEE Computer Society 8.5x11" conferen
ce proceedings
(/usr/local/texlive/2014/texmf-dist/tex/latex/base/article.cls
Document Class: article 2007/10/19 v1.4h Standard LaTeX document class
(/usr/local/texlive/2014/texmf-dist/tex/latex/base/size10.clo
File: size10.clo 2007/10/19 v1.4h Standard LaTeX file (size option)
)
\c@part=\count79
\c@section=\count80
\c@subsection=\count81
\c@subsubsection=\count82
\c@paragraph=\count83
\c@subparagraph=\count84
\c@figure=\count85
\c@table=\count86
\abovecaptionskip=\skip41
\belowcaptionskip=\skip42
\bibindent=\dimen102
)
(/usr/local/texlive/2014/texmf-dist/tex/latex/geometry/geometry.sty
Package: geometry 2010/09/12 v5.6 Page Geometry

(/usr/local/texlive/2014/texmf-dist/tex/latex/graphics/keyval.sty
Package: keyval 2014/05/08 v1.15 key=value parser (DPC)
\KV@toks@=\toks14
)
(/usr/local/texlive/2014/texmf-dist/tex/generic/oberdiek/ifpdf.sty
Package: ifpdf 2011/01/30 v2.3 Provides the ifpdf switch (HO)
Package ifpdf Info: pdfTeX in PDF mode is detected.
)
(/usr/local/texlive/2014/texmf-dist/tex/generic/oberdiek/ifvtex.sty
Package: ifvtex 2010/03/01 v1.5 Detect VTeX and its facilities (HO)
Package ifvtex Info: VTeX not detected.
)
(/usr/local/texlive/2014/texmf-dist/tex/generic/ifxetex/ifxetex.sty
Package: ifxetex 2010/09/12 v0.6 Provides ifxetex conditional
)
\Gm@cnth=\count87
\Gm@cntv=\count88
\c@Gm@tempcnt=\count89
\Gm@bindingoffset=\dimen103
\Gm@wd@mp=\dimen104
\Gm@odd@mp=\dimen105
\Gm@even@mp=\dimen106
\Gm@layoutwidth=\dimen107
\Gm@layoutheight=\dimen108
\Gm@layouthoffset=\dimen109
\Gm@layoutvoffset=\dimen110
\Gm@dimlist=\toks15
)
(/usr/local/texlive/2014/texmf-dist/tex/latex/psnfss/mathptmx.sty
Package: mathptmx 2005/04/12 PSNFSS-v9.2a Times w/ Math, improved (SPQR, WaS) 
LaTeX Font Info:    Redeclaring symbol font `operators' on input line 28.
LaTeX Font Info:    Overwriting symbol font `operators' in version `normal'
(Font)                  OT1/cmr/m/n --> OT1/ztmcm/m/n on input line 28.
LaTeX Font Info:    Overwriting symbol font `operators' in version `bold'
(Font)                  OT1/cmr/bx/n --> OT1/ztmcm/m/n on input line 28.
LaTeX Font Info:    Redeclaring symbol font `letters' on input line 29.
LaTeX Font Info:    Overwriting symbol font `letters' in version `normal'
(Font)                  OML/cmm/m/it --> OML/ztmcm/m/it on input line 29.
LaTeX Font Info:    Overwriting symbol font `letters' in version `bold'
(Font)                  OML/cmm/b/it --> OML/ztmcm/m/it on input line 29.
LaTeX Font Info:    Redeclaring symbol font `symbols' on input line 30.
LaTeX Font Info:    Overwriting symbol font `symbols' in version `normal'
(Font)                  OMS/cmsy/m/n --> OMS/ztmcm/m/n on input line 30.
LaTeX Font Info:    Overwriting symbol font `symbols' in version `bold'
(Font)                  OMS/cmsy/b/n --> OMS/ztmcm/m/n on input line 30.
LaTeX Font Info:    Redeclaring symbol font `largesymbols' on input line 31.
LaTeX Font Info:    Overwriting symbol font `largesymbols' in version `normal'
(Font)                  OMX/cmex/m/n --> OMX/ztmcm/m/n on input line 31.
LaTeX Font Info:    Overwriting symbol font `largesymbols' in version `bold'
(Font)                  OMX/cmex/m/n --> OMX/ztmcm/m/n on input line 31.
\symbold=\mathgroup4
\symitalic=\mathgroup5
LaTeX Font Info:    Redeclaring math alphabet \mathbf on input line 34.
LaTeX Font Info:    Overwriting math alphabet `\mathbf' in version `normal'
(Font)                  OT1/cmr/bx/n --> OT1/ptm/bx/n on input line 34.
LaTeX Font Info:    Overwriting math alphabet `\mathbf' in version `bold'
(Font)                  OT1/cmr/bx/n --> OT1/ptm/bx/n on input line 34.
LaTeX Font Info:    Redeclaring math alphabet \mathit on input line 35.
LaTeX Font Info:    Overwriting math alphabet `\mathit' in version `normal'
(Font)                  OT1/cmr/m/it --> OT1/ptm/m/it on input line 35.
LaTeX Font Info:    Overwriting math alphabet `\mathit' in version `bold'
(Font)                  OT1/cmr/bx/it --> OT1/ptm/m/it on input line 35.
LaTeX Info: Redefining \hbar on input line 50.
)
(/usr/local/texlive/2014/texmf-dist/tex/latex/psnfss/helvet.sty
Package: helvet 2005/04/12 PSNFSS-v9.2a (WaS) 
)
(/usr/local/texlive/2014/texmf-dist/tex/latex/psnfss/courier.sty
Package: courier 2005/04/12 PSNFSS-v9.2a (WaS) 
)
(/usr/local/texlive/2014/texmf-dist/tex/latex/tools/array.sty
Package: array 2008/09/09 v2.4c Tabular extension package (FMi)
\col@sep=\dimen111
\extrarowheight=\dimen112
\NC@list=\toks16
\extratabsurround=\skip43
\backup@length=\skip44
)
\ieee@author@width=\skip45

(/usr/local/texlive/2014/texmf-dist/tex/latex/titlesec/titlesec.sty
Package: titlesec 2011/12/15 v2.10.0 Sectioning titles
\ttl@box=\box26
\beforetitleunit=\skip46
\aftertitleunit=\skip47
\ttl@plus=\dimen113
\ttl@minus=\dimen114
\ttl@toksa=\toks17
\titlewidth=\dimen115
\titlewidthlast=\dimen116
\titlewidthfirst=\dimen117
))
(/usr/local/texlive/2014/texmf-dist/tex/latex/graphics/graphics.sty
Package: graphics 2009/02/05 v1.0o Standard LaTeX Graphics (DPC,SPQR)

(/usr/local/texlive/2014/texmf-dist/tex/latex/graphics/trig.sty
Package: trig 1999/03/16 v1.09 sin cos tan (DPC)
)
(/usr/local/texlive/2014/texmf-dist/tex/latex/latexconfig/graphics.cfg
File: graphics.cfg 2010/04/23 v1.9 graphics configuration of TeX Live
)
Package graphics Info: Driver file: pdftex.def on input line 91.

(/usr/local/texlive/2014/texmf-dist/tex/latex/pdftex-def/pdftex.def
File: pdftex.def 2011/05/27 v0.06d Graphics/color for pdfTeX

(/usr/local/texlive/2014/texmf-dist/tex/generic/oberdiek/infwarerr.sty
Package: infwarerr 2010/04/08 v1.3 Providing info/warning/error messages (HO)
)
(/usr/local/texlive/2014/texmf-dist/tex/generic/oberdiek/ltxcmds.sty
Package: ltxcmds 2011/11/09 v1.22 LaTeX kernel commands for general use (HO)
)
\Gread@gobject=\count90
))
(/usr/local/texlive/2014/texmf-dist/tex/latex/graphics/graphicx.sty
Package: graphicx 2014/04/25 v1.0g Enhanced LaTeX Graphics (DPC,SPQR)
\Gin@req@height=\dimen118
\Gin@req@width=\dimen119
)

LaTeX Warning: Unused global option(s):
    [conference].

(./SimpleCQL.aux

LaTeX Warning: Label `fig:attack' multiply defined.


LaTeX Warning: Label `fig:attack' multiply defined.

)
\openout1 = `SimpleCQL.aux'.

LaTeX Font Info:    Checking defaults for OML/cmm/m/it on input line 19.
LaTeX Font Info:    ... okay on input line 19.
LaTeX Font Info:    Checking defaults for T1/cmr/m/n on input line 19.
LaTeX Font Info:    ... okay on input line 19.
LaTeX Font Info:    Checking defaults for OT1/cmr/m/n on input line 19.
LaTeX Font Info:    ... okay on input line 19.
LaTeX Font Info:    Checking defaults for OMS/cmsy/m/n on input line 19.
LaTeX Font Info:    ... okay on input line 19.
LaTeX Font Info:    Checking defaults for OMX/cmex/m/n on input line 19.
LaTeX Font Info:    ... okay on input line 19.
LaTeX Font Info:    Checking defaults for U/cmr/m/n on input line 19.
LaTeX Font Info:    ... okay on input line 19.
LaTeX Font Info:    Try loading font information for OT1+ptm on input line 19.
 (/usr/local/texlive/2014/texmf-dist/tex/latex/psnfss/ot1ptm.fd
File: ot1ptm.fd 2001/06/04 font definitions for OT1/ptm.
)
*geometry* driver: auto-detecting
*geometry* detected driver: pdftex
*geometry* verbose mode - [ preamble ] result:
* driver: pdftex
* paper: a4paper
* layout: <same size as paper>
* layoutoffset:(h,v)=(0.0pt,0.0pt)
* modes: 
* h-part:(L,W,R)=(63.87643pt, 469.75499pt, 63.87645pt)
* v-part:(T,H,B)=(72.26999pt, 641.39624pt, 131.38062pt)
* \paperwidth=597.50787pt
* \paperheight=845.04684pt
* \textwidth=469.75499pt
* \textheight=641.39624pt
* \oddsidemargin=-8.39355pt
* \evensidemargin=-8.39355pt
* \topmargin=0.0pt
* \headheight=0.0pt
* \headsep=0.0pt
* \topskip=10.0pt
* \footskip=0.0pt
* \marginparwidth=4.0pt
* \marginparsep=10.0pt
* \columnsep=27.10124pt
* \skip\footins=9.0pt plus 4.0pt minus 2.0pt
* \hoffset=0.0pt
* \voffset=0.0pt
* \mag=1000
* \@twocolumntrue
* \@twosidefalse
* \@mparswitchfalse
* \@reversemarginfalse
* (1in=72.27pt=25.4mm, 1cm=28.453pt)

\big@size=\dimen120
(/usr/local/texlive/2014/texmf-dist/tex/context/base/supp-pdf.mkii
[Loading MPS to PDF converter (version 2006.09.02).]
\scratchcounter=\count91
\scratchdimen=\dimen121
\scratchbox=\box27
\nofMPsegments=\count92
\nofMParguments=\count93
\everyMPshowfont=\toks18
\MPscratchCnt=\count94
\MPscratchDim=\dimen122
\MPnumerator=\count95
\makeMPintoPDFobject=\count96
\everyMPtoPDFconversion=\toks19
) (/usr/local/texlive/2014/texmf-dist/tex/generic/oberdiek/pdftexcmds.sty
Package: pdftexcmds 2011/11/29 v0.20 Utility functions of pdfTeX for LuaTeX (HO
)

(/usr/local/texlive/2014/texmf-dist/tex/generic/oberdiek/ifluatex.sty
Package: ifluatex 2010/03/01 v1.3 Provides the ifluatex switch (HO)
Package ifluatex Info: LuaTeX not detected.
)
Package pdftexcmds Info: LuaTeX not detected.
Package pdftexcmds Info: \pdf@primitive is available.
Package pdftexcmds Info: \pdf@ifprimitive is available.
Package pdftexcmds Info: \pdfdraftmode found.
)
(/usr/local/texlive/2014/texmf-dist/tex/latex/oberdiek/epstopdf-base.sty
Package: epstopdf-base 2010/02/09 v2.5 Base part for package epstopdf

(/usr/local/texlive/2014/texmf-dist/tex/latex/oberdiek/grfext.sty
Package: grfext 2010/08/19 v1.1 Manage graphics extensions (HO)

(/usr/local/texlive/2014/texmf-dist/tex/generic/oberdiek/kvdefinekeys.sty
Package: kvdefinekeys 2011/04/07 v1.3 Define keys (HO)
))
(/usr/local/texlive/2014/texmf-dist/tex/latex/oberdiek/kvoptions.sty
Package: kvoptions 2011/06/30 v3.11 Key value format for package options (HO)

(/usr/local/texlive/2014/texmf-dist/tex/generic/oberdiek/kvsetkeys.sty
Package: kvsetkeys 2012/04/25 v1.16 Key value parser (HO)

(/usr/local/texlive/2014/texmf-dist/tex/generic/oberdiek/etexcmds.sty
Package: etexcmds 2011/02/16 v1.5 Avoid name clashes with e-TeX commands (HO)
Package etexcmds Info: Could not find \expanded.
(etexcmds)             That can mean that you are not using pdfTeX 1.50 or
(etexcmds)             that some package has redefined \expanded.
(etexcmds)             In the latter case, load this package earlier.
)))
Package grfext Info: Graphics extension search list:
(grfext)             [.png,.pdf,.jpg,.mps,.jpeg,.jbig2,.jb2,.PNG,.PDF,.JPG,.JPE
G,.JBIG2,.JB2,.eps]
(grfext)             \AppendGraphicsExtensions on input line 452.

(/usr/local/texlive/2014/texmf-dist/tex/latex/latexconfig/epstopdf-sys.cfg
File: epstopdf-sys.cfg 2010/07/13 v1.3 Configuration of (r)epstopdf for TeX Liv
e
))
LaTeX Font Info:    Font shape `OT1/ptm/bx/n' in size <10> not available
(Font)              Font shape `OT1/ptm/b/n' tried instead on input line 21.
LaTeX Font Info:    Font shape `OT1/ptm/bx/n' in size <14> not available
(Font)              Font shape `OT1/ptm/b/n' tried instead on input line 21.
LaTeX Font Info:    Font shape `OT1/ptm/bx/n' in size <17.28> not available
(Font)              Font shape `OT1/ptm/b/n' tried instead on input line 21.
LaTeX Font Info:    Try loading font information for OT1+ztmcm on input line 21
.

(/usr/local/texlive/2014/texmf-dist/tex/latex/psnfss/ot1ztmcm.fd
File: ot1ztmcm.fd 2000/01/03 Fontinst v1.801 font definitions for OT1/ztmcm.
)
LaTeX Font Info:    Try loading font information for OML+ztmcm on input line 21
.

(/usr/local/texlive/2014/texmf-dist/tex/latex/psnfss/omlztmcm.fd
File: omlztmcm.fd 2000/01/03 Fontinst v1.801 font definitions for OML/ztmcm.
)
LaTeX Font Info:    Try loading font information for OMS+ztmcm on input line 21
.

(/usr/local/texlive/2014/texmf-dist/tex/latex/psnfss/omsztmcm.fd
File: omsztmcm.fd 2000/01/03 Fontinst v1.801 font definitions for OMS/ztmcm.
)
LaTeX Font Info:    Try loading font information for OMX+ztmcm on input line 21
.

(/usr/local/texlive/2014/texmf-dist/tex/latex/psnfss/omxztmcm.fd
File: omxztmcm.fd 2000/01/03 Fontinst v1.801 font definitions for OMX/ztmcm.
)
LaTeX Font Info:    Font shape `OT1/ptm/bx/n' in size <12> not available
(Font)              Font shape `OT1/ptm/b/n' tried instead on input line 21.
LaTeX Font Info:    Font shape `OT1/ptm/bx/n' in size <9> not available
(Font)              Font shape `OT1/ptm/b/n' tried instead on input line 21.
LaTeX Font Info:    Font shape `OT1/ptm/bx/n' in size <7> not available
(Font)              Font shape `OT1/ptm/b/n' tried instead on input line 21.
Missing character: There is no ‚ in font ptmr7t!
Missing character: There is no Ä in font ptmr7t!
Missing character: There is no ú in font ptmr7t!
Missing character: There is no ‚ in font ptmr7t!
Missing character: There is no Ä in font ptmr7t!
Missing character: There is no ù in font ptmr7t!

Underfull \hbox (badness 6300) in paragraph at lines 45--45
 |[]\OT1/ptm/b/n/12 RUNNING EX-AM-PLE: AD-VER-TIS-
 []

Missing character: There is no ‚ in font ptmr7t!
Missing character: There is no Ä in font ptmr7t!
Missing character: There is no ú in font ptmr7t!
Missing character: There is no ‚ in font ptmr7t!
Missing character: There is no Ä in font ptmr7t!
Missing character: There is no ù in font ptmr7t!
Missing character: There is no ‚ in font ptmr7t!
Missing character: There is no Ä in font ptmr7t!
Missing character: There is no ô in font ptmr7t!
LaTeX Font Info:    Font shape `OT1/ptm/bx/n' in size <7.4> not available
(Font)              Font shape `OT1/ptm/b/n' tried instead on input line 48.
LaTeX Font Info:    Font shape `OT1/ptm/bx/n' in size <6> not available
(Font)              Font shape `OT1/ptm/b/n' tried instead on input line 48.
LaTeX Font Info:    Font shape `OT1/ptm/bx/n' in size <8> not available
(Font)              Font shape `OT1/ptm/b/n' tried instead on input line 48.
LaTeX Font Info:    Font shape `OT1/ptm/bx/n' in size <5> not available
(Font)              Font shape `OT1/ptm/b/n' tried instead on input line 48.
LaTeX Font Info:    Try loading font information for OMS+ptm on input line 53.
(/usr/local/texlive/2014/texmf-dist/tex/latex/psnfss/omsptm.fd
File: omsptm.fd 
)
LaTeX Font Info:    Font shape `OMS/ptm/m/n' in size <10> not available
(Font)              Font shape `OMS/cmsy/m/n' tried instead on input line 53.
LaTeX Font Info:    Try loading font information for OT1+pcr on input line 53.

(/usr/local/texlive/2014/texmf-dist/tex/latex/psnfss/ot1pcr.fd
File: ot1pcr.fd 2001/06/04 font definitions for OT1/pcr.
)
Underfull \hbox (badness 1668) in paragraph at lines 53--54
[]\OT1/ptm/m/n/10 An \OT1/ptm/m/it/10 ad-ver-tise-ment in-ser-tion \OT1/ptm/m/n
/10 is made when an
 []


Underfull \hbox (badness 1205) in paragraph at lines 53--54
\OT1/ptm/m/n/10 and there is space for an ad. For ex-am-ple,
 []

[1{/usr/local/texlive/2014/texmf-var/fonts/map/pdftex/updmap/pdftex.map}


]
Underfull \hbox (badness 7116) in paragraph at lines 61--66
[]\OT1/ptm/m/n/10 Formally, we de-fine the fol-low-ing schema:
 []


Underfull \hbox (badness 10000) in paragraph at lines 61--66
\OT1/ptm/m/n/10 Ad-ver-tiser\OMS/cmsy/m/n/10 f\OT1/ptm/m/n/10 AdvertiserId:INT,
 Name:STRING\OMS/cmsy/m/n/10 g
 []


Underfull \hbox (badness 10000) in paragraph at lines 61--66
\OT1/ptm/m/n/10 Ad-ver-tise-ment\OMS/cmsy/m/n/10 f\OT1/ptm/m/n/10 Advertisement
Id:INT, Ad-
 []


Underfull \hbox (badness 10000) in paragraph at lines 61--66
\OT1/ptm/m/n/10 ver-tis-erId:INT, Text:STRING\OMS/cmsy/m/n/10 g \OT1/ptm/m/n/10
 In-ser-tion-
 []


Underfull \hbox (badness 10000) in paragraph at lines 61--66
\OT1/ptm/m/n/10 Stream\OMS/cmsy/m/n/10 f\OT1/ptm/m/n/10 InsertionId:INT, Ad-ver
-tise-men-tId:int,
 []


Underfull \hbox (badness 6252) in paragraph at lines 67--68
[]\OT1/ptm/m/n/10 The two streams, \OT1/pcr/m/n/10 InsertionStream \OT1/ptm/m/n
/10 and
 []

Missing character: There is no ‚ in font ptmr7t!
Missing character: There is no Ä in font ptmr7t!
Missing character: There is no ú in font ptmr7t!
Missing character: There is no ‚ in font ptmr7t!
Missing character: There is no Ä in font ptmr7t!
Missing character: There is no ù in font ptmr7t!
LaTeX Font Info:    Font shape `OT1/ptm/bx/n' in size <11> not available
(Font)              Font shape `OT1/ptm/b/n' tried instead on input line 74.
Missing character: There is no ‚ in font ptmr7t!
Missing character: There is no Ä in font ptmr7t!
Missing character: There is no ú in font ptmr7t!
Missing character: There is no ‚ in font ptmr7t!
Missing character: There is no Ä in font ptmr7t!
Missing character: There is no ù in font ptmr7t!
Missing character: There is no ‚ in font ptmr7t!
Missing character: There is no Ä in font ptmr7t!
Missing character: There is no ô in font ptmr7t!

Underfull \hbox (badness 1953) in paragraph at lines 93--94
[]\OT1/ptm/m/n/10 Weve im-ple-mented three dif-fer-ent Relation-to-
 []


Underfull \hbox (badness 1895) in paragraph at lines 95--96
\OT1/ptm/m/n/10 IStreams, and RStreams are ag-gre-gated IStreams--
 []

[2]
Underfull \hbox (badness 10000) in paragraph at lines 100--101
[]\OT1/ptm/b/n/10 Deletion Streams\OT1/ptm/m/n/10 : At ev-ery in-cre-ment-ing
 []

<operators.png, id=17, 864.22874pt x 309.155pt>
File: operators.png Graphic file (type png)
 <use operators.png>
Package pdftex.def Info: operators.png used on input line 109.
(pdftex.def)             Requested size: 198.84755pt x 71.13188pt.
LaTeX Font Info:    Try loading font information for OT1+phv on input line 110.


(/usr/local/texlive/2014/texmf-dist/tex/latex/psnfss/ot1phv.fd
File: ot1phv.fd 2001/06/04 scalable font definitions for OT1/phv.
)
LaTeX Font Info:    Font shape `OT1/phv/bx/n' in size <10> not available
(Font)              Font shape `OT1/phv/b/n' tried instead on input line 110.

Underfull \hbox (badness 5022) in paragraph at lines 139--140
[]\OT1/ptm/m/n/10 We im-ple-mented both a time-based Stream-
 []


Underfull \hbox (badness 1590) in paragraph at lines 139--140
\OT1/ptm/m/n/10 to-Relation con-verter and a tuple-based Stream-to-
 []

<time_window.png, id=18, 624.3325pt x 330.23375pt>
File: time_window.png Graphic file (type png)
 <use time_window.png>
Package pdftex.def Info: time_window.png used on input line 145.
(pdftex.def)             Requested size: 215.1663pt x 113.81102pt.

<tuple_window.png, id=19, 513.92pt x 327.2225pt>
File: tuple_window.png Graphic file (type png)
 <use tuple_window.png>
Package pdftex.def Info: tuple_window.png used on input line 154.
(pdftex.def)             Requested size: 178.74547pt x 113.81102pt.

[3 <./operators.png>] <stream_converter.png, id=24, 832.10875pt x 293.095pt>
File: stream_converter.png Graphic file (type png)

<use stream_converter.png>
Package pdftex.def Info: stream_converter.png used on input line 175.
(pdftex.def)             Requested size: 242.3338pt x 85.35826pt.
Missing character: There is no ‚ in font ptmr7t!
Missing character: There is no Ä in font ptmr7t!
Missing character: There is no ô in font ptmr7t!
Missing character: There is no ‚ in font ptmr7t!
Missing character: There is no Ä in font ptmr7t!
Missing character: There is no ô in font ptmr7t!
 [4 <./time_window.png> <./tuple_window.png> <./stream_converter.png>]
LaTeX Font Info:    Try loading font information for OMS+pcr on input line 198.


(/usr/local/texlive/2014/texmf-dist/tex/latex/psnfss/omspcr.fd
File: omspcr.fd 
)
LaTeX Font Info:    Font shape `OMS/pcr/m/n' in size <10> not available
(Font)              Font shape `OMS/cmsy/m/n' tried instead on input line 198.
Missing character: There is no ‚ in font ptmr7t!
Missing character: There is no Ä in font ptmr7t!
Missing character: There is no ú in font ptmr7t!
Missing character: There is no ‚ in font ptmr7t!
Missing character: There is no Ä in font ptmr7t!
Missing character: There is no ù in font ptmr7t!
Missing character: There is no ‚ in font pcrr7t!
Missing character: There is no Ä in font pcrr7t!
Missing character: There is no ò in font pcrr7t!
Missing character: There is no ‚ in font pcrr7t!
Missing character: There is no Ä in font pcrr7t!
Missing character: There is no ô in font pcrr7t!

Overfull \hbox (36.67313pt too wide) in paragraph at lines 207--207
[]\OT1/pcr/m/n/10 WHERE LogStream.Message LIKE %failed login%[] 
 []


Underfull \hbox (badness 10000) in paragraph at lines 209--210
[]\OT1/ptm/m/n/10 Data for the \OT1/pcr/m/n/10 LogStream \OT1/ptm/m/n/10 was ge
n-er-ated
 []


Underfull \hbox (badness 3312) in paragraph at lines 209--210
\OT1/ptm/m/n/10 prior to run-ning tests and read us-ing a cus-tom
 []

<attack.png, id=28, 602.25pt x 372.39125pt>
File: attack.png Graphic file (type png)
 <use attack.png>
Package pdftex.def Info: attack.png used on input line 213.
(pdftex.def)             Requested size: 230.07959pt x 142.26378pt.
Missing character: There is no ‚ in font ptmr7t!
Missing character: There is no Ä in font ptmr7t!
Missing character: There is no ú in font ptmr7t!
Missing character: There is no ‚ in font ptmr7t!
Missing character: There is no Ä in font ptmr7t!
Missing character: There is no ù in font ptmr7t!

Underfull \hbox (badness 10000) in paragraph at lines 223--224
[]\OT1/ptm/m/n/10 In this ex-am-ple, we con-sider a stream
 []


Underfull \hbox (badness 10000) in paragraph at lines 223--224
\OT1/ptm/m/n/10 of Twit-ter tweets, \OT1/pcr/m/n/10 TweetStream\OT1/ptm/m/n/10 
. We
 []


Underfull \hbox (badness 10000) in paragraph at lines 223--224
\OT1/ptm/m/n/10 for-mally de-fine the schema of the stream
 []


Underfull \hbox (badness 10000) in paragraph at lines 223--224
\OT1/ptm/m/n/10 as: \OT1/pcr/m/n/10 TweetStream\OMS/cmsy/m/n/10 f\OT1/pcr/m/n/1
0 Text:STRING,
 []


Underfull \hbox (badness 10000) in paragraph at lines 223--224
\OT1/pcr/m/n/10 Hashtag:STRING, Location:STRING\OMS/cmsy/m/n/10 g\OT1/ptm/m/n/1
0 .
 []

Missing character: There is no ‚ in font pcrr7t!
Missing character: There is no Ä in font pcrr7t!
Missing character: There is no ò in font pcrr7t!
Missing character: There is no ‚ in font pcrr7t!
Missing character: There is no Ä in font pcrr7t!
Missing character: There is no ô in font pcrr7t!
<trending.png, id=30, 602.25pt x 372.39125pt>
File: trending.png Graphic file (type png)
 <use trending.png>
Package pdftex.def Info: trending.png used on input line 240.
(pdftex.def)             Requested size: 230.07959pt x 142.26378pt.

Underfull \hbox (badness 1484) in paragraph at lines 246--247
\OT1/ptm/m/n/10 de-tail in sec-tion 2, in-volves join-ing ad-ver-tise-ment
 []


Underfull \hbox (badness 2142) in paragraph at lines 246--247
\OT1/ptm/m/n/10 in-ser-tions across two dis-parate streams. Specif-i-
 []


Underfull \hbox (badness 1502) in paragraph at lines 246--247
\OT1/ptm/m/n/10 cally a stream of ad-ver-tise-ment in-ser-tions, known
 []

[5 <./attack.png> <./trending.png>]
Overfull \hbox (30.67313pt too wide) in paragraph at lines 262--262
[]    \OT1/pcr/m/n/10 SELECT ISTREAM(advertisement_id, type)[] 
 []


Overfull \hbox (30.67313pt too wide) in paragraph at lines 262--262
[]    \OT1/pcr/m/n/10 FROM InsertStream [Range 600 seconds],[] 
 []


Overfull \hbox (0.67313pt too wide) in paragraph at lines 262--262
[]         \OT1/pcr/m/n/10 EventStream [Range 1 second][] 
 []


Overfull \hbox (0.67313pt too wide) in paragraph at lines 262--262
[]    \OT1/pcr/m/n/10 WHERE InsertStream.insertion_id =[] 
 []


Underfull \hbox (badness 10000) in paragraph at lines 264--265
[]\OT1/ptm/m/n/10 Data for the \OT1/pcr/m/n/10 InsertionStream \OT1/ptm/m/n/10 
and
 []


Underfull \hbox (badness 6510) in paragraph at lines 264--265
\OT1/pcr/m/n/10 EventStream \OT1/ptm/m/n/10 was gen-er-ated prior to run-ning
 []


Underfull \hbox (badness 1917) in paragraph at lines 264--265
\OT1/ptm/m/n/10 tests. The data gen-er-ated rep-re-sents 30 min-utes
 []


Underfull \hbox (badness 6332) in paragraph at lines 264--265
\OT1/pcr/m/n/10 InsertionStream \OT1/ptm/m/n/10 may have a cor-re-spond-ing
 []

<ads.png, id=36, 602.25pt x 372.39125pt>
File: ads.png Graphic file (type png)
 <use ads.png>
Package pdftex.def Info: ads.png used on input line 268.
(pdftex.def)             Requested size: 230.07959pt x 142.26378pt.
 (./SimpleCQL.bbl
Overfull \hbox (4.0265pt too wide) in paragraph at lines 4--5
[]\OT1/ptm/m/n/9 Storm: http://storm.apache.org/documentation/home.html. 
 []


Underfull \hbox (badness 3375) in paragraph at lines 29--35
[]\OT1/ptm/m/n/9 Matei Za-haria, Tatha-gata Das, Haoyuan Li, Scott
 []

) [6 <./ads.png>] (./SimpleCQL.aux)

LaTeX Warning: There were multiply-defined labels.

 ) 
Here is how much of TeX's memory you used:
 2683 strings out of 493117
 39034 string characters out of 6135433
 106121 words of memory out of 5000000
 6065 multiletter control sequences out of 15000+600000
 50128 words of font info for 99 fonts, out of 8000000 for 9000
 1141 hyphenation exceptions out of 8191
 37i,9n,28p,968b,238s stack positions out of 5000i,500n,10000p,200000b,80000s
{/usr/local/texlive/2014/texmf-dist/fonts/enc/dvips/base/8r.enc}</usr/local/t
exlive/2014/texmf-dist/fonts/type1/public/amsfonts/cm/cmmi10.pfb></usr/local/te
xlive/2014/texmf-dist/fonts/type1/public/amsfonts/cm/cmr10.pfb></usr/local/texl
ive/2014/texmf-dist/fonts/type1/public/amsfonts/cm/cmsy10.pfb></usr/local/texli
ve/2014/texmf-dist/fonts/type1/urw/courier/ucrr8a.pfb></usr/local/texlive/2014/
texmf-dist/fonts/type1/urw/helvetic/uhvb8a.pfb></usr/local/texlive/2014/texmf-d
ist/fonts/type1/urw/symbol/usyr.pfb></usr/local/texlive/2014/texmf-dist/fonts/t
ype1/urw/times/utmb8a.pfb></usr/local/texlive/2014/texmf-dist/fonts/type1/urw/t
imes/utmr8a.pfb></usr/local/texlive/2014/texmf-dist/fonts/type1/urw/times/utmri
8a.pfb>
Output written on SimpleCQL.pdf (6 pages, 233822 bytes).
PDF statistics:
 71 PDF objects out of 1000 (max. 8388607)
 43 compressed objects within 1 object stream
 0 named destinations out of 1000 (max. 500000)
 36 words of extra memory for PDF output out of 10000 (max. 10000000)

